<?xml version="1.0" encoding="UTF-8"?>
<!-- Generated by org.testng.reporters.JUnitXMLReporter -->
<testsuite hostname="DESKTOP-6TES89P" ignored="0" name="TestHRMApplication" tests="6" failures="1" timestamp="22 Jun 2020 11:30:47 GMT" time="167.77" errors="0">
  <testcase name="ValidateLoginPageTest" time="0.085" classname="com.orangehrm.test.LoginTest"/>
  <testcase name="validateOpenPIMPageTitleTest" time="0.01" classname="com.orangehrm.test.OpenPIMTest"/>
  <testcase name="validateAddEmployeeTest" time="0.013" classname="com.orangehrm.test.AddEmployeeTest">
    <failure type="java.lang.AssertionError" message="expected [OrangeHRM.] but found [OrangeHRM]">
      <![CDATA[java.lang.AssertionError: expected [OrangeHRM.] but found [OrangeHRM]
at com.orangehrm.test.AddEmployeeTest.validateAddEmployeeTest(AddEmployeeTest.java:38)
... Removed 31 stack frames]]>
    </failure>
  </testcase> <!-- validateAddEmployeeTest -->
  <testcase name="loginTest" time="8.07" classname="com.orangehrm.test.LoginTest"/>
  <testcase name="clickTest" time="5.427" classname="com.orangehrm.test.OpenPIMTest"/>
  <testcase name="fillData" time="1.071" classname="com.orangehrm.test.AddEmployeeTest"/>
</testsuite> <!-- TestHRMApplication -->
