<?xml version="1.0" encoding="UTF-8"?>
<!-- Generated by org.testng.reporters.JUnitXMLReporter -->
<testsuite hostname="DESKTOP-6TES89P" ignored="0" name="TestHRMApplication" tests="6" failures="0" timestamp="22 Jun 2020 12:37:59 GMT" time="166.982" errors="0">
  <testcase name="ValidateLoginPageTest" time="0.098" classname="com.orangehrm.test.LoginTest"/>
  <testcase name="validateOpenPIMPageTitleTest" time="0.015" classname="com.orangehrm.test.OpenPIMTest"/>
  <testcase name="validateAddEmployeeTest" time="0.011" classname="com.orangehrm.test.AddEmployeeTest"/>
  <testcase name="loginTest" time="6.949" classname="com.orangehrm.test.LoginTest"/>
  <testcase name="clickTest" time="2.913" classname="com.orangehrm.test.OpenPIMTest"/>
  <testcase name="fillData" time="1.248" classname="com.orangehrm.test.AddEmployeeTest"/>
</testsuite> <!-- TestHRMApplication -->
