<?xml version="1.0" encoding="UTF-8"?>
<testng-results skipped="0" failed="0" ignored="0" total="2" passed="2">
  <reporter-output>
  </reporter-output>
  <suite name="Suite" duration-ms="89262" started-at="2020-06-18T12:15:12Z" finished-at="2020-06-18T12:16:42Z">
    <groups>
    </groups>
    <test name="TestFirefox" duration-ms="54811" started-at="2020-06-18T12:15:12Z" finished-at="2020-06-18T12:16:07Z">
      <class name="com.orangehrm.test.LoginTest">
        <test-method status="PASS" signature="browserselection(java.lang.String)[pri:0, instance:com.orangehrm.test.LoginTest@685cb137]" name="browserselection" is-config="true" duration-ms="39430" started-at="2020-06-18T12:15:12Z" finished-at="2020-06-18T12:15:52Z">
          <params>
            <param index="0">
              <value>
                <![CDATA[firefox]]>
              </value>
            </param>
          </params>
          <reporter-output>
          </reporter-output>
        </test-method> <!-- browserselection -->
        <test-method status="PASS" signature="loginTest()[pri:0, instance:com.orangehrm.test.LoginTest@685cb137]" name="loginTest" duration-ms="6616" started-at="2020-06-18T12:15:52Z" finished-at="2020-06-18T12:15:58Z">
          <reporter-output>
          </reporter-output>
        </test-method> <!-- loginTest -->
        <test-method status="PASS" signature="tearDown()[pri:0, instance:com.orangehrm.test.LoginTest@685cb137]" name="tearDown" is-config="true" duration-ms="8731" started-at="2020-06-18T12:15:58Z" finished-at="2020-06-18T12:16:07Z">
          <reporter-output>
          </reporter-output>
        </test-method> <!-- tearDown -->
      </class> <!-- com.orangehrm.test.LoginTest -->
    </test> <!-- TestFirefox -->
    <test name="TestChrome" duration-ms="34189" started-at="2020-06-18T12:16:07Z" finished-at="2020-06-18T12:16:42Z">
      <class name="com.orangehrm.test.LoginTest">
        <test-method status="PASS" signature="browserselection(java.lang.String)[pri:0, instance:com.orangehrm.test.LoginTest@402a079c]" name="browserselection" is-config="true" duration-ms="22896" started-at="2020-06-18T12:16:07Z" finished-at="2020-06-18T12:16:30Z">
          <params>
            <param index="0">
              <value>
                <![CDATA[chrome]]>
              </value>
            </param>
          </params>
          <reporter-output>
          </reporter-output>
        </test-method> <!-- browserselection -->
        <test-method status="PASS" signature="loginTest()[pri:0, instance:com.orangehrm.test.LoginTest@402a079c]" name="loginTest" duration-ms="10993" started-at="2020-06-18T12:16:30Z" finished-at="2020-06-18T12:16:41Z">
          <reporter-output>
          </reporter-output>
        </test-method> <!-- loginTest -->
        <test-method status="PASS" signature="tearDown()[pri:0, instance:com.orangehrm.test.LoginTest@402a079c]" name="tearDown" is-config="true" duration-ms="280" started-at="2020-06-18T12:16:41Z" finished-at="2020-06-18T12:16:42Z">
          <reporter-output>
          </reporter-output>
        </test-method> <!-- tearDown -->
      </class> <!-- com.orangehrm.test.LoginTest -->
    </test> <!-- TestChrome -->
  </suite> <!-- Suite -->
</testng-results>
